Build started 14/1/2564 15:52:52.
     1>Project "D:\C++\HomeWork1\HomeWork1\HomeWork1.vcxproj" on node 2 (build target(s)).
     1>InitializeBuildStatus:
         Creating "Debug\HomeWork1.unsuccessfulbuild" because "AlwaysCreate" was specified.
       ClCompile:
         C:\Program Files (x86)\Microsoft Visual Studio 10.0\VC\bin\CL.exe /c /ZI /nologo /W3 /WX- /Od /Oy- /D WIN32 /D _DEBUG /D _CONSOLE /D _UNICODE /D UNICODE /Gm /EHsc /RTC1 /MDd /GS /fp:precise /Zc:wchar_t /Zc:forScope /Fo"Debug\\" /Fd"Debug\vc100.pdb" /Gd /TP /analyze- /errorReport:prompt HomeWork1.cpp
         HomeWork1.cpp
       ManifestResourceCompile:
         All outputs are up-to-date.
       Link:
         C:\Program Files (x86)\Microsoft Visual Studio 10.0\VC\bin\link.exe /ERRORREPORT:PROMPT /OUT:"D:\C++\HomeWork1\Debug\HomeWork1.exe" /INCREMENTAL /NOLOGO kernel32.lib user32.lib gdi32.lib winspool.lib comdlg32.lib advapi32.lib shell32.lib ole32.lib oleaut32.lib uuid.lib odbc32.lib odbccp32.lib /MANIFEST /ManifestFile:"Debug\HomeWork1.exe.intermediate.manifest" /MANIFESTUAC:"level='asInvoker' uiAccess='false'" /DEBUG /PDB:"D:\C++\HomeWork1\Debug\HomeWork1.pdb" /SUBSYSTEM:CONSOLE /TLBID:1 /DYNAMICBASE /NXCOMPAT /IMPLIB:"D:\C++\HomeWork1\Debug\HomeWork1.lib" /MACHINE:X86 Debug\HomeWork1.exe.embed.manifest.res
         Debug\HomeWork1.obj
       Manifest:
         C:\Program Files (x86)\Microsoft SDKs\Windows\v7.0A\bin\mt.exe /nologo /verbose /out:"Debug\HomeWork1.exe.embed.manifest" /manifest Debug\HomeWork1.exe.intermediate.manifest
         All outputs are up-to-date.
       LinkEmbedManifest:
         All outputs are up-to-date.
         HomeWork1.vcxproj -> D:\C++\HomeWork1\Debug\HomeWork1.exe
       FinalizeBuildStatus:
         Deleting file "Debug\HomeWork1.unsuccessfulbuild".
         Touching "Debug\HomeWork1.lastbuildstate".
     1>Done Building Project "D:\C++\HomeWork1\HomeWork1\HomeWork1.vcxproj" (build target(s)).

Build succeeded.

Time Elapsed 00:00:00.71
